# JRE version: OpenJDK Runtime Environment OpenLogic-OpenJDK (17.0.5+8) (build 17.0.5+8-adhoc..jdk17u)
# Java VM: OpenJDK 64-Bit Server VM OpenLogic-OpenJDK (17.0.5+8-adhoc..jdk17u, mixed mode, tiered, compressed oops, compressed class ptrs, g1 gc, windows-amd64)
GC Precious Log:
 CPUs: 8 total, 8 available
 Memory: 7975M
 Large Page Support: Disabled
 NUMA Support: Disabled
 Compressed Oops: Enabled (32-bit)
 Heap Region Size: 1M
 Heap Min Capacity: 8M
 Heap Initial Capacity: 126M
 Heap Max Capacity: 2G
 Pre-touch: Disabled
 Parallel Workers: 8
 Concurrent Workers: 2
 Concurrent Refinement Workers: 8
 Periodic GC: Disabled
Heap:
 garbage-first heap   total 187392K, used 125654K [0x0000000080000000, 0x0000000100000000)
  region size 1024K, 6 young (6144K), 2 survivors (2048K)
 Metaspace       used 96636K, committed 97536K, reserved 512000K
  class space    used 13199K, committed 13632K, reserved 421888K
GC Heap History (20 events):
Event: 81.551 GC heap before
{Heap before GC invocations=45 (full 0):
 garbage-first heap   total 119808K, used 72467K [0x0000000080000000, 0x0000000100000000)
  region size 1024K, 5 young (5120K), 3 survivors (3072K)
 Metaspace       used 75731K, committed 76416K, reserved 495616K
  class space    used 10202K, committed 10496K, reserved 421888K
}
Event: 81.555 GC heap after
{Heap after GC invocations=46 (full 0):
 garbage-first heap   total 119808K, used 70280K [0x0000000080000000, 0x0000000100000000)
  region size 1024K, 1 young (1024K), 1 survivors (1024K)
 Metaspace       used 75731K, committed 76416K, reserved 495616K
  class space    used 10202K, committed 10496K, reserved 421888K
}
Event: 82.166 GC heap before
{Heap before GC invocations=46 (full 0):
 garbage-first heap   total 119808K, used 95880K [0x0000000080000000, 0x0000000100000000)
  region size 1024K, 26 young (26624K), 1 survivors (1024K)
 Metaspace       used 77897K, committed 78528K, reserved 495616K
  class space    used 10462K, committed 10752K, reserved 421888K
}
Event: 82.169 GC heap after
{Heap after GC invocations=47 (full 0):
 garbage-first heap   total 119808K, used 73014K [0x0000000080000000, 0x0000000100000000)
  region size 1024K, 3 young (3072K), 3 survivors (3072K)
 Metaspace       used 77897K, committed 78528K, reserved 495616K
  class space    used 10462K, committed 10752K, reserved 421888K
}
Event: 83.097 GC heap before
{Heap before GC invocations=48 (full 0):
 garbage-first heap   total 126976K, used 96566K [0x0000000080000000, 0x0000000100000000)
  region size 1024K, 26 young (26624K), 3 survivors (3072K)
 Metaspace       used 80255K, committed 80896K, reserved 495616K
  class space    used 10777K, committed 11072K, reserved 421888K
}
Event: 83.102 GC heap after
{Heap after GC invocations=49 (full 0):
 garbage-first heap   total 187392K, used 73958K [0x0000000080000000, 0x0000000100000000)
  region size 1024K, 2 young (2048K), 2 survivors (2048K)
 Metaspace       used 80255K, committed 80896K, reserved 495616K
  class space    used 10777K, committed 11072K, reserved 421888K
}
Event: 83.244 GC heap before
{Heap before GC invocations=49 (full 0):
 garbage-first heap   total 187392K, used 81126K [0x0000000080000000, 0x0000000100000000)
  region size 1024K, 9 young (9216K), 2 survivors (2048K)
 Metaspace       used 80369K, committed 81088K, reserved 495616K
  class space    used 10805K, committed 11136K, reserved 421888K
}
Event: 83.248 GC heap after
{Heap after GC invocations=50 (full 0):
 garbage-first heap   total 187392K, used 74600K [0x0000000080000000, 0x0000000100000000)
  region size 1024K, 2 young (2048K), 2 survivors (2048K)
 Metaspace       used 80369K, committed 81088K, reserved 495616K
  class space    used 10805K, committed 11136K, reserved 421888K
}
Event: 106.103 GC heap before
{Heap before GC invocations=50 (full 0):
 garbage-first heap   total 187392K, used 148328K [0x0000000080000000, 0x0000000100000000)
  region size 1024K, 74 young (75776K), 2 survivors (2048K)
 Metaspace       used 85400K, committed 86144K, reserved 503808K
  class space    used 11680K, committed 12032K, reserved 421888K
}
Event: 106.112 GC heap after
{Heap after GC invocations=51 (full 0):
 garbage-first heap   total 187392K, used 80136K [0x0000000080000000, 0x0000000100000000)
  region size 1024K, 7 young (7168K), 7 survivors (7168K)
 Metaspace       used 85400K, committed 86144K, reserved 503808K
  class space    used 11680K, committed 12032K, reserved 421888K
}
Event: 108.664 GC heap before
{Heap before GC invocations=51 (full 0):
 garbage-first heap   total 187392K, used 147720K [0x0000000080000000, 0x0000000100000000)
  region size 1024K, 73 young (74752K), 7 survivors (7168K)
 Metaspace       used 89102K, committed 89920K, reserved 503808K
  class space    used 12231K, committed 12608K, reserved 421888K
}
Event: 108.692 GC heap after
{Heap after GC invocations=52 (full 0):
 garbage-first heap   total 187392K, used 88368K [0x0000000080000000, 0x0000000100000000)
  region size 1024K, 9 young (9216K), 9 survivors (9216K)
 Metaspace       used 89102K, committed 89920K, reserved 503808K
  class space    used 12231K, committed 12608K, reserved 421888K
}
Event: 111.950 GC heap before
{Heap before GC invocations=52 (full 0):
 garbage-first heap   total 187392K, used 154928K [0x0000000080000000, 0x0000000100000000)
  region size 1024K, 67 young (68608K), 9 survivors (9216K)
 Metaspace       used 91339K, committed 92096K, reserved 503808K
  class space    used 12507K, committed 12864K, reserved 421888K
}
Event: 111.966 GC heap after
{Heap after GC invocations=53 (full 0):
 garbage-first heap   total 187392K, used 106735K [0x0000000080000000, 0x0000000100000000)
  region size 1024K, 9 young (9216K), 9 survivors (9216K)
 Metaspace       used 91339K, committed 92096K, reserved 503808K
  class space    used 12507K, committed 12864K, reserved 421888K
}
Event: 113.205 GC heap before
{Heap before GC invocations=53 (full 0):
 garbage-first heap   total 187392K, used 150767K [0x0000000080000000, 0x0000000100000000)
  region size 1024K, 50 young (51200K), 9 survivors (9216K)
 Metaspace       used 92239K, committed 93056K, reserved 503808K
  class space    used 12609K, committed 12992K, reserved 421888K
}
Event: 113.218 GC heap after
{Heap after GC invocations=54 (full 0):
 garbage-first heap   total 187392K, used 116736K [0x0000000080000000, 0x0000000100000000)
  region size 1024K, 7 young (7168K), 7 survivors (7168K)
 Metaspace       used 92239K, committed 93056K, reserved 503808K
  class space    used 12609K, committed 12992K, reserved 421888K
}
Event: 114.560 GC heap before
{Heap before GC invocations=54 (full 0):
 garbage-first heap   total 187392K, used 150528K [0x0000000080000000, 0x0000000100000000)
  region size 1024K, 40 young (40960K), 7 survivors (7168K)
 Metaspace       used 94882K, committed 95744K, reserved 512000K
  class space    used 12967K, committed 13376K, reserved 421888K
}
Event: 114.570 GC heap after
{Heap after GC invocations=55 (full 0):
 garbage-first heap   total 187392K, used 121012K [0x0000000080000000, 0x0000000100000000)
  region size 1024K, 5 young (5120K), 5 survivors (5120K)
 Metaspace       used 94882K, committed 95744K, reserved 512000K
  class space    used 12967K, committed 13376K, reserved 421888K
}
Event: 115.847 GC heap before
{Heap before GC invocations=55 (full 0):
 garbage-first heap   total 187392K, used 151732K [0x0000000080000000, 0x0000000100000000)
  region size 1024K, 35 young (35840K), 5 survivors (5120K)
 Metaspace       used 96426K, committed 97280K, reserved 512000K
  class space    used 13172K, committed 13568K, reserved 421888K
}
Event: 115.855 GC heap after
{Heap after GC invocations=56 (full 0):
 garbage-first heap   total 187392K, used 122582K [0x0000000080000000, 0x0000000100000000)
  region size 1024K, 2 young (2048K), 2 survivors (2048K)
 Metaspace       used 96426K, committed 97280K, reserved 512000K
  class space    used 13172K, committed 13568K, reserved 421888K
}

