# JRE version: OpenJDK Runtime Environment OpenLogic-OpenJDK (17.0.5+8) (build 17.0.5+8-adhoc..jdk17u)
# Java VM: OpenJDK 64-Bit Server VM OpenLogic-OpenJDK (17.0.5+8-adhoc..jdk17u, mixed mode, tiered, compressed oops, compressed class ptrs, g1 gc, windows-amd64)
GC Precious Log:
 CPUs: 8 total, 8 available
 Memory: 7975M
 Large Page Support: Disabled
 NUMA Support: Disabled
 Compressed Oops: Enabled (32-bit)
 Heap Region Size: 1M
 Heap Min Capacity: 8M
 Heap Initial Capacity: 126M
 Heap Max Capacity: 2G
 Pre-touch: Disabled
 Parallel Workers: 8
 Concurrent Workers: 2
 Concurrent Refinement Workers: 8
 Periodic GC: Disabled
Heap:
 garbage-first heap   total 266240K, used 156229K [0x0000000080000000, 0x0000000100000000)
  region size 1024K, 3 young (3072K), 3 survivors (3072K)
 Metaspace       used 106633K, committed 107584K, reserved 520192K
  class space    used 14549K, committed 14976K, reserved 421888K
GC Heap History (20 events):
Event: 11.304 GC heap after
{Heap after GC invocations=39 (full 0):
 garbage-first heap   total 235520K, used 75378K [0x0000000080000000, 0x0000000100000000)
  region size 1024K, 2 young (2048K), 2 survivors (2048K)
 Metaspace       used 78847K, committed 79552K, reserved 495616K
  class space    used 10616K, committed 10944K, reserved 421888K
}
Event: 14.863 GC heap before
{Heap before GC invocations=39 (full 0):
 garbage-first heap   total 235520K, used 181874K [0x0000000080000000, 0x0000000100000000)
  region size 1024K, 105 young (107520K), 2 survivors (2048K)
 Metaspace       used 86218K, committed 86912K, reserved 503808K
  class space    used 11851K, committed 12160K, reserved 421888K
}
Event: 14.872 GC heap after
{Heap after GC invocations=40 (full 0):
 garbage-first heap   total 235520K, used 82903K [0x0000000080000000, 0x0000000100000000)
  region size 1024K, 9 young (9216K), 9 survivors (9216K)
 Metaspace       used 86218K, committed 86912K, reserved 503808K
  class space    used 11851K, committed 12160K, reserved 421888K
}
Event: 15.595 GC heap before
{Heap before GC invocations=40 (full 0):
 garbage-first heap   total 235520K, used 184279K [0x0000000080000000, 0x0000000100000000)
  region size 1024K, 101 young (103424K), 9 survivors (9216K)
 Metaspace       used 89641K, committed 90368K, reserved 503808K
  class space    used 12328K, committed 12672K, reserved 421888K
}
Event: 15.606 GC heap after
{Heap after GC invocations=41 (full 0):
 garbage-first heap   total 235520K, used 106145K [0x0000000080000000, 0x0000000100000000)
  region size 1024K, 13 young (13312K), 13 survivors (13312K)
 Metaspace       used 89641K, committed 90368K, reserved 503808K
  class space    used 12328K, committed 12672K, reserved 421888K
}
Event: 16.196 GC heap before
{Heap before GC invocations=41 (full 0):
 garbage-first heap   total 235520K, used 182944K [0x0000000080000000, 0x0000000100000000)
  region size 1024K, 86 young (88064K), 13 survivors (13312K)
 Metaspace       used 92637K, committed 93440K, reserved 503808K
  class space    used 12772K, committed 13120K, reserved 421888K
}
Event: 16.208 GC heap after
{Heap after GC invocations=42 (full 0):
 garbage-first heap   total 235520K, used 119999K [0x0000000080000000, 0x0000000100000000)
  region size 1024K, 11 young (11264K), 11 survivors (11264K)
 Metaspace       used 92637K, committed 93440K, reserved 503808K
  class space    used 12772K, committed 13120K, reserved 421888K
}
Event: 16.787 GC heap before
{Heap before GC invocations=42 (full 0):
 garbage-first heap   total 235520K, used 182463K [0x0000000080000000, 0x0000000100000000)
  region size 1024K, 72 young (73728K), 11 survivors (11264K)
 Metaspace       used 96993K, committed 97856K, reserved 512000K
  class space    used 13331K, committed 13696K, reserved 421888K
}
Event: 16.796 GC heap after
{Heap after GC invocations=43 (full 0):
 garbage-first heap   total 235520K, used 124441K [0x0000000080000000, 0x0000000100000000)
  region size 1024K, 4 young (4096K), 4 survivors (4096K)
 Metaspace       used 96993K, committed 97856K, reserved 512000K
  class space    used 13331K, committed 13696K, reserved 421888K
}
Event: 17.135 GC heap before
{Heap before GC invocations=44 (full 0):
 garbage-first heap   total 235520K, used 187929K [0x0000000080000000, 0x0000000100000000)
  region size 1024K, 66 young (67584K), 4 survivors (4096K)
 Metaspace       used 98617K, committed 99584K, reserved 512000K
  class space    used 13549K, committed 14016K, reserved 421888K
}
Event: 17.144 GC heap after
{Heap after GC invocations=45 (full 0):
 garbage-first heap   total 235520K, used 132763K [0x0000000080000000, 0x0000000100000000)
  region size 1024K, 9 young (9216K), 9 survivors (9216K)
 Metaspace       used 98617K, committed 99584K, reserved 512000K
  class space    used 13549K, committed 14016K, reserved 421888K
}
Event: 17.151 GC heap before
{Heap before GC invocations=45 (full 0):
 garbage-first heap   total 235520K, used 134811K [0x0000000080000000, 0x0000000100000000)
  region size 1024K, 11 young (11264K), 9 survivors (9216K)
 Metaspace       used 98618K, committed 99584K, reserved 512000K
  class space    used 13549K, committed 14016K, reserved 421888K
}
Event: 17.157 GC heap after
{Heap after GC invocations=46 (full 0):
 garbage-first heap   total 235520K, used 133991K [0x0000000080000000, 0x0000000100000000)
  region size 1024K, 2 young (2048K), 2 survivors (2048K)
 Metaspace       used 98618K, committed 99584K, reserved 512000K
  class space    used 13549K, committed 14016K, reserved 421888K
}
Event: 17.385 GC heap before
{Heap before GC invocations=46 (full 0):
 garbage-first heap   total 235520K, used 189287K [0x0000000080000000, 0x0000000100000000)
  region size 1024K, 56 young (57344K), 2 survivors (2048K)
 Metaspace       used 98805K, committed 99840K, reserved 512000K
  class space    used 13561K, committed 14016K, reserved 421888K
}
Event: 17.393 GC heap after
{Heap after GC invocations=47 (full 0):
 garbage-first heap   total 235520K, used 143766K [0x0000000080000000, 0x0000000100000000)
  region size 1024K, 7 young (7168K), 7 survivors (7168K)
 Metaspace       used 98805K, committed 99840K, reserved 512000K
  class space    used 13561K, committed 14016K, reserved 421888K
}
Event: 17.937 GC heap before
{Heap before GC invocations=48 (full 0):
 garbage-first heap   total 266240K, used 192918K [0x0000000080000000, 0x0000000100000000)
  region size 1024K, 51 young (52224K), 7 survivors (7168K)
 Metaspace       used 101998K, committed 103040K, reserved 512000K
  class space    used 13969K, committed 14464K, reserved 421888K
}
Event: 17.946 GC heap after
{Heap after GC invocations=49 (full 0):
 garbage-first heap   total 266240K, used 154362K [0x0000000080000000, 0x0000000100000000)
  region size 1024K, 7 young (7168K), 7 survivors (7168K)
 Metaspace       used 101998K, committed 103040K, reserved 512000K
  class space    used 13969K, committed 14464K, reserved 421888K
}
Event: 18.004 GC heap before
{Heap before GC invocations=49 (full 0):
 garbage-first heap   total 266240K, used 159482K [0x0000000080000000, 0x0000000100000000)
  region size 1024K, 13 young (13312K), 7 survivors (7168K)
 Metaspace       used 103158K, committed 104128K, reserved 512000K
  class space    used 14115K, committed 14592K, reserved 421888K
}
Event: 18.009 GC heap after
{Heap after GC invocations=50 (full 0):
 garbage-first heap   total 266240K, used 154782K [0x0000000080000000, 0x0000000100000000)
  region size 1024K, 2 young (2048K), 2 survivors (2048K)
 Metaspace       used 103158K, committed 104128K, reserved 512000K
  class space    used 14115K, committed 14592K, reserved 421888K
}
Event: 608.783 GC heap before
{Heap before GC invocations=50 (full 0):
 garbage-first heap   total 266240K, used 214174K [0x0000000080000000, 0x0000000100000000)
  region size 1024K, 61 young (62464K), 2 survivors (2048K)
 Metaspace       used 106633K, committed 107584K, reserved 520192K
  class space    used 14549K, committed 14976K, reserved 421888K
}

