# JRE version: OpenJDK Runtime Environment OpenLogic-OpenJDK (17.0.5+8) (build 17.0.5+8-adhoc..jdk17u)
# Java VM: OpenJDK 64-Bit Server VM OpenLogic-OpenJDK (17.0.5+8-adhoc..jdk17u, mixed mode, tiered, compressed oops, compressed class ptrs, g1 gc, windows-amd64)
GC Precious Log:
 CPUs: 8 total, 8 available
 Memory: 7975M
 Large Page Support: Disabled
 NUMA Support: Disabled
 Compressed Oops: Enabled (32-bit)
 Heap Region Size: 1M
 Heap Min Capacity: 8M
 Heap Initial Capacity: 126M
 Heap Max Capacity: 2G
 Pre-touch: Disabled
 Parallel Workers: 8
 Concurrent Workers: 2
 Concurrent Refinement Workers: 8
 Periodic GC: Disabled
Heap:
 garbage-first heap   total 220160K, used 134795K [0x0000000080000000, 0x0000000100000000)
  region size 1024K, 7 young (7168K), 7 survivors (7168K)
 Metaspace       used 98986K, committed 99840K, reserved 512000K
  class space    used 13536K, committed 13952K, reserved 421888K
GC Heap History (20 events):
Event: 102.060 GC heap after
{Heap after GC invocations=46 (full 0):
 garbage-first heap   total 177152K, used 80868K [0x0000000080000000, 0x0000000100000000)
  region size 1024K, 6 young (6144K), 6 survivors (6144K)
 Metaspace       used 84788K, committed 85440K, reserved 503808K
  class space    used 11572K, committed 11904K, reserved 421888K
}
Event: 105.496 GC heap before
{Heap before GC invocations=46 (full 0):
 garbage-first heap   total 177152K, used 139236K [0x0000000080000000, 0x0000000100000000)
  region size 1024K, 63 young (64512K), 6 survivors (6144K)
 Metaspace       used 88180K, committed 88896K, reserved 503808K
  class space    used 12071K, committed 12416K, reserved 421888K
}
Event: 105.596 GC heap after
{Heap after GC invocations=47 (full 0):
 garbage-first heap   total 177152K, used 87778K [0x0000000080000000, 0x0000000100000000)
  region size 1024K, 7 young (7168K), 7 survivors (7168K)
 Metaspace       used 88180K, committed 88896K, reserved 503808K
  class space    used 12071K, committed 12416K, reserved 421888K
}
Event: 108.489 GC heap before
{Heap before GC invocations=47 (full 0):
 garbage-first heap   total 177152K, used 126690K [0x0000000080000000, 0x0000000100000000)
  region size 1024K, 47 young (48128K), 7 survivors (7168K)
 Metaspace       used 89374K, committed 90176K, reserved 503808K
  class space    used 12237K, committed 12608K, reserved 421888K
}
Event: 108.510 GC heap after
{Heap after GC invocations=48 (full 0):
 garbage-first heap   total 177152K, used 91729K [0x0000000080000000, 0x0000000100000000)
  region size 1024K, 5 young (5120K), 5 survivors (5120K)
 Metaspace       used 89374K, committed 90176K, reserved 503808K
  class space    used 12237K, committed 12608K, reserved 421888K
}
Event: 110.228 GC heap before
{Heap before GC invocations=49 (full 0):
 garbage-first heap   total 183296K, used 149073K [0x0000000080000000, 0x0000000100000000)
  region size 1024K, 54 young (55296K), 5 survivors (5120K)
 Metaspace       used 92069K, committed 92864K, reserved 503808K
  class space    used 12601K, committed 12992K, reserved 421888K
}
Event: 110.242 GC heap after
{Heap after GC invocations=50 (full 0):
 garbage-first heap   total 183296K, used 111421K [0x0000000080000000, 0x0000000100000000)
  region size 1024K, 7 young (7168K), 7 survivors (7168K)
 Metaspace       used 92069K, committed 92864K, reserved 503808K
  class space    used 12601K, committed 12992K, reserved 421888K
}
Event: 110.254 GC heap before
{Heap before GC invocations=50 (full 0):
 garbage-first heap   total 183296K, used 112445K [0x0000000080000000, 0x0000000100000000)
  region size 1024K, 8 young (8192K), 7 survivors (7168K)
 Metaspace       used 92069K, committed 92864K, reserved 503808K
  class space    used 12601K, committed 12992K, reserved 421888K
}
Event: 110.260 GC heap after
{Heap after GC invocations=51 (full 0):
 garbage-first heap   total 183296K, used 112065K [0x0000000080000000, 0x0000000100000000)
  region size 1024K, 1 young (1024K), 1 survivors (1024K)
 Metaspace       used 92069K, committed 92864K, reserved 503808K
  class space    used 12601K, committed 12992K, reserved 421888K
}
Event: 111.231 GC heap before
{Heap before GC invocations=51 (full 0):
 garbage-first heap   total 183296K, used 153025K [0x0000000080000000, 0x0000000100000000)
  region size 1024K, 39 young (39936K), 1 survivors (1024K)
 Metaspace       used 92976K, committed 93824K, reserved 503808K
  class space    used 12760K, committed 13120K, reserved 421888K
}
Event: 111.237 GC heap after
{Heap after GC invocations=52 (full 0):
 garbage-first heap   total 183296K, used 120787K [0x0000000080000000, 0x0000000100000000)
  region size 1024K, 5 young (5120K), 5 survivors (5120K)
 Metaspace       used 92976K, committed 93824K, reserved 503808K
  class space    used 12760K, committed 13120K, reserved 421888K
}
Event: 112.340 GC heap before
{Heap before GC invocations=52 (full 0):
 garbage-first heap   total 183296K, used 151507K [0x0000000080000000, 0x0000000100000000)
  region size 1024K, 35 young (35840K), 5 survivors (5120K)
 Metaspace       used 95660K, committed 96512K, reserved 512000K
  class space    used 13056K, committed 13440K, reserved 421888K
}
Event: 112.346 GC heap after
{Heap after GC invocations=53 (full 0):
 garbage-first heap   total 183296K, used 123074K [0x0000000080000000, 0x0000000100000000)
  region size 1024K, 2 young (2048K), 2 survivors (2048K)
 Metaspace       used 95660K, committed 96512K, reserved 512000K
  class space    used 13056K, committed 13440K, reserved 421888K
}
Event: 112.936 GC heap before
{Heap before GC invocations=53 (full 0):
 garbage-first heap   total 183296K, used 152770K [0x0000000080000000, 0x0000000100000000)
  region size 1024K, 31 young (31744K), 2 survivors (2048K)
 Metaspace       used 97233K, committed 98176K, reserved 512000K
  class space    used 13305K, committed 13760K, reserved 421888K
}
Event: 112.940 GC heap after
{Heap after GC invocations=54 (full 0):
 garbage-first heap   total 183296K, used 124402K [0x0000000080000000, 0x0000000100000000)
  region size 1024K, 4 young (4096K), 4 survivors (4096K)
 Metaspace       used 97233K, committed 98176K, reserved 512000K
  class space    used 13305K, committed 13760K, reserved 421888K
}
Event: 113.519 GC heap before
{Heap before GC invocations=55 (full 0):
 garbage-first heap   total 220160K, used 150002K [0x0000000080000000, 0x0000000100000000)
  region size 1024K, 29 young (29696K), 4 survivors (4096K)
 Metaspace       used 98496K, committed 99392K, reserved 512000K
  class space    used 13480K, committed 13888K, reserved 421888K
}
Event: 113.525 GC heap after
{Heap after GC invocations=56 (full 0):
 garbage-first heap   total 220160K, used 126534K [0x0000000080000000, 0x0000000100000000)
  region size 1024K, 4 young (4096K), 4 survivors (4096K)
 Metaspace       used 98496K, committed 99392K, reserved 512000K
  class space    used 13480K, committed 13888K, reserved 421888K
}
Event: 113.635 GC heap before
{Heap before GC invocations=56 (full 0):
 garbage-first heap   total 220160K, used 132678K [0x0000000080000000, 0x0000000100000000)
  region size 1024K, 10 young (10240K), 4 survivors (4096K)
 Metaspace       used 98749K, committed 99648K, reserved 512000K
  class space    used 13514K, committed 13952K, reserved 421888K
}
Event: 113.641 GC heap after
{Heap after GC invocations=57 (full 0):
 garbage-first heap   total 220160K, used 126071K [0x0000000080000000, 0x0000000100000000)
  region size 1024K, 2 young (2048K), 2 survivors (2048K)
 Metaspace       used 98749K, committed 99648K, reserved 512000K
  class space    used 13514K, committed 13952K, reserved 421888K
}
Event: 114.315 GC heap before
{Heap before GC invocations=57 (full 0):
 garbage-first heap   total 220160K, used 177271K [0x0000000080000000, 0x0000000100000000)
  region size 1024K, 52 young (53248K), 2 survivors (2048K)
 Metaspace       used 98986K, committed 99840K, reserved 512000K
  class space    used 13536K, committed 13952K, reserved 421888K
}

