# JRE version: OpenJDK Runtime Environment OpenLogic-OpenJDK (17.0.5+8) (build 17.0.5+8-adhoc..jdk17u)
# Java VM: OpenJDK 64-Bit Server VM OpenLogic-OpenJDK (17.0.5+8-adhoc..jdk17u, mixed mode, tiered, compressed oops, compressed class ptrs, g1 gc, windows-amd64)
GC Precious Log:
 CPUs: 8 total, 8 available
 Memory: 7975M
 Large Page Support: Disabled
 NUMA Support: Disabled
 Compressed Oops: Enabled (32-bit)
 Heap Region Size: 1M
 Heap Min Capacity: 8M
 Heap Initial Capacity: 126M
 Heap Max Capacity: 2G
 Pre-touch: Disabled
 Parallel Workers: 8
 Concurrent Workers: 2
 Concurrent Refinement Workers: 8
 Periodic GC: Disabled
Heap:
 garbage-first heap   total 221184K, used 182555K [0x0000000080000000, 0x0000000100000000)
  region size 1024K, 29 young (29696K), 4 survivors (4096K)
 Metaspace       used 106597K, committed 107584K, reserved 520192K
  class space    used 14538K, committed 14976K, reserved 421888K
GC Heap History (20 events):
Event: 10.367 GC heap before
{Heap before GC invocations=30 (full 0):
 garbage-first heap   total 221184K, used 77081K [0x0000000080000000, 0x0000000100000000)
  region size 1024K, 14 young (14336K), 13 survivors (13312K)
 Metaspace       used 79200K, committed 79872K, reserved 495616K
  class space    used 10651K, committed 10944K, reserved 421888K
}
Event: 10.374 GC heap after
{Heap after GC invocations=31 (full 0):
 garbage-first heap   total 221184K, used 76323K [0x0000000080000000, 0x0000000100000000)
  region size 1024K, 2 young (2048K), 2 survivors (2048K)
 Metaspace       used 79200K, committed 79872K, reserved 495616K
  class space    used 10651K, committed 10944K, reserved 421888K
}
Event: 13.602 GC heap before
{Heap before GC invocations=31 (full 0):
 garbage-first heap   total 221184K, used 164387K [0x0000000080000000, 0x0000000100000000)
  region size 1024K, 88 young (90112K), 2 survivors (2048K)
 Metaspace       used 85025K, committed 85760K, reserved 495616K
  class space    used 11682K, committed 12032K, reserved 421888K
}
Event: 13.607 GC heap after
{Heap after GC invocations=32 (full 0):
 garbage-first heap   total 221184K, used 82203K [0x0000000080000000, 0x0000000100000000)
  region size 1024K, 7 young (7168K), 7 survivors (7168K)
 Metaspace       used 85025K, committed 85760K, reserved 495616K
  class space    used 11682K, committed 12032K, reserved 421888K
}
Event: 14.399 GC heap before
{Heap before GC invocations=32 (full 0):
 garbage-first heap   total 221184K, used 169243K [0x0000000080000000, 0x0000000100000000)
  region size 1024K, 92 young (94208K), 7 survivors (7168K)
 Metaspace       used 88961K, committed 89728K, reserved 503808K
  class space    used 12238K, committed 12608K, reserved 421888K
}
Event: 14.410 GC heap after
{Heap after GC invocations=33 (full 0):
 garbage-first heap   total 221184K, used 91265K [0x0000000080000000, 0x0000000100000000)
  region size 1024K, 9 young (9216K), 9 survivors (9216K)
 Metaspace       used 88961K, committed 89728K, reserved 503808K
  class space    used 12238K, committed 12608K, reserved 421888K
}
Event: 15.306 GC heap before
{Heap before GC invocations=33 (full 0):
 garbage-first heap   total 221184K, used 181377K [0x0000000080000000, 0x0000000100000000)
  region size 1024K, 87 young (89088K), 9 survivors (9216K)
 Metaspace       used 92138K, committed 93056K, reserved 503808K
  class space    used 12686K, committed 13120K, reserved 421888K
}
Event: 15.319 GC heap after
{Heap after GC invocations=34 (full 0):
 garbage-first heap   total 221184K, used 118299K [0x0000000080000000, 0x0000000100000000)
  region size 1024K, 11 young (11264K), 11 survivors (11264K)
 Metaspace       used 92138K, committed 93056K, reserved 503808K
  class space    used 12686K, committed 13120K, reserved 421888K
}
Event: 16.015 GC heap before
{Heap before GC invocations=34 (full 0):
 garbage-first heap   total 221184K, used 175643K [0x0000000080000000, 0x0000000100000000)
  region size 1024K, 67 young (68608K), 11 survivors (11264K)
 Metaspace       used 95964K, committed 96832K, reserved 512000K
  class space    used 13176K, committed 13568K, reserved 421888K
}
Event: 16.024 GC heap after
{Heap after GC invocations=35 (full 0):
 garbage-first heap   total 221184K, used 123992K [0x0000000080000000, 0x0000000100000000)
  region size 1024K, 5 young (5120K), 5 survivors (5120K)
 Metaspace       used 95964K, committed 96832K, reserved 512000K
  class space    used 13176K, committed 13568K, reserved 421888K
}
Event: 16.504 GC heap before
{Heap before GC invocations=35 (full 0):
 garbage-first heap   total 221184K, used 178264K [0x0000000080000000, 0x0000000100000000)
  region size 1024K, 58 young (59392K), 5 survivors (5120K)
 Metaspace       used 98405K, committed 99328K, reserved 512000K
  class space    used 13518K, committed 13952K, reserved 421888K
}
Event: 16.511 GC heap after
{Heap after GC invocations=36 (full 0):
 garbage-first heap   total 221184K, used 129205K [0x0000000080000000, 0x0000000100000000)
  region size 1024K, 5 young (5120K), 5 survivors (5120K)
 Metaspace       used 98405K, committed 99328K, reserved 512000K
  class space    used 13518K, committed 13952K, reserved 421888K
}
Event: 16.768 GC heap before
{Heap before GC invocations=36 (full 0):
 garbage-first heap   total 221184K, used 181429K [0x0000000080000000, 0x0000000100000000)
  region size 1024K, 56 young (57344K), 5 survivors (5120K)
 Metaspace       used 98626K, committed 99584K, reserved 512000K
  class space    used 13538K, committed 13952K, reserved 421888K
}
Event: 16.777 GC heap after
{Heap after GC invocations=37 (full 0):
 garbage-first heap   total 221184K, used 138184K [0x0000000080000000, 0x0000000100000000)
  region size 1024K, 7 young (7168K), 7 survivors (7168K)
 Metaspace       used 98626K, committed 99584K, reserved 512000K
  class space    used 13538K, committed 13952K, reserved 421888K
}
Event: 17.076 GC heap before
{Heap before GC invocations=37 (full 0):
 garbage-first heap   total 221184K, used 187336K [0x0000000080000000, 0x0000000100000000)
  region size 1024K, 50 young (51200K), 7 survivors (7168K)
 Metaspace       used 99023K, committed 99968K, reserved 512000K
  class space    used 13586K, committed 14016K, reserved 421888K
}
Event: 17.085 GC heap after
{Heap after GC invocations=38 (full 0):
 garbage-first heap   total 221184K, used 149949K [0x0000000080000000, 0x0000000100000000)
  region size 1024K, 7 young (7168K), 7 survivors (7168K)
 Metaspace       used 99023K, committed 99968K, reserved 512000K
  class space    used 13586K, committed 14016K, reserved 421888K
}
Event: 17.549 GC heap before
{Heap before GC invocations=38 (full 0):
 garbage-first heap   total 221184K, used 183741K [0x0000000080000000, 0x0000000100000000)
  region size 1024K, 40 young (40960K), 7 survivors (7168K)
 Metaspace       used 101990K, committed 103040K, reserved 512000K
  class space    used 13957K, committed 14464K, reserved 421888K
}
Event: 17.557 GC heap after
{Heap after GC invocations=39 (full 0):
 garbage-first heap   total 221184K, used 154938K [0x0000000080000000, 0x0000000100000000)
  region size 1024K, 5 young (5120K), 5 survivors (5120K)
 Metaspace       used 101990K, committed 103040K, reserved 512000K
  class space    used 13957K, committed 14464K, reserved 421888K
}
Event: 135.948 GC heap before
{Heap before GC invocations=39 (full 0):
 garbage-first heap   total 221184K, used 184634K [0x0000000080000000, 0x0000000100000000)
  region size 1024K, 35 young (35840K), 5 survivors (5120K)
 Metaspace       used 106541K, committed 107520K, reserved 520192K
  class space    used 14537K, committed 14976K, reserved 421888K
}
Event: 136.022 GC heap after
{Heap after GC invocations=40 (full 0):
 garbage-first heap   total 221184K, used 157979K [0x0000000080000000, 0x0000000100000000)
  region size 1024K, 4 young (4096K), 4 survivors (4096K)
 Metaspace       used 106541K, committed 107520K, reserved 520192K
  class space    used 14537K, committed 14976K, reserved 421888K
}

