# JRE version: OpenJDK Runtime Environment OpenLogic-OpenJDK (17.0.5+8) (build 17.0.5+8-adhoc..jdk17u)
# Java VM: OpenJDK 64-Bit Server VM OpenLogic-OpenJDK (17.0.5+8-adhoc..jdk17u, mixed mode, tiered, compressed oops, compressed class ptrs, g1 gc, windows-amd64)
GC Precious Log:
 CPUs: 8 total, 8 available
 Memory: 7975M
 Large Page Support: Disabled
 NUMA Support: Disabled
 Compressed Oops: Enabled (32-bit)
 Heap Region Size: 1M
 Heap Min Capacity: 8M
 Heap Initial Capacity: 126M
 Heap Max Capacity: 2G
 Pre-touch: Disabled
 Parallel Workers: 8
 Concurrent Workers: 2
 Concurrent Refinement Workers: 8
 Periodic GC: Disabled
Heap:
 garbage-first heap   total 423936K, used 214062K [0x0000000080000000, 0x0000000100000000)
  region size 1024K, 68 young (69632K), 5 survivors (5120K)
 Metaspace       used 106652K, committed 107648K, reserved 520192K
  class space    used 14551K, committed 14976K, reserved 421888K
GC Heap History (20 events):
Event: 19.318 GC heap before
{Heap before GC invocations=41 (full 0):
 garbage-first heap   total 153600K, used 119898K [0x0000000080000000, 0x0000000100000000)
  region size 1024K, 46 young (47104K), 3 survivors (3072K)
 Metaspace       used 80155K, committed 80896K, reserved 495616K
  class space    used 10826K, committed 11136K, reserved 421888K
}
Event: 19.324 GC heap after
{Heap after GC invocations=42 (full 0):
 garbage-first heap   total 153600K, used 77984K [0x0000000080000000, 0x0000000100000000)
  region size 1024K, 6 young (6144K), 6 survivors (6144K)
 Metaspace       used 80155K, committed 80896K, reserved 495616K
  class space    used 10826K, committed 11136K, reserved 421888K
}
Event: 19.333 GC heap before
{Heap before GC invocations=42 (full 0):
 garbage-first heap   total 153600K, used 79008K [0x0000000080000000, 0x0000000100000000)
  region size 1024K, 7 young (7168K), 6 survivors (6144K)
 Metaspace       used 80155K, committed 80896K, reserved 495616K
  class space    used 10826K, committed 11136K, reserved 421888K
}
Event: 19.339 GC heap after
{Heap after GC invocations=43 (full 0):
 garbage-first heap   total 211968K, used 78064K [0x0000000080000000, 0x0000000100000000)
  region size 1024K, 1 young (1024K), 1 survivors (1024K)
 Metaspace       used 80155K, committed 80896K, reserved 495616K
  class space    used 10826K, committed 11136K, reserved 421888K
}
Event: 23.121 GC heap before
{Heap before GC invocations=43 (full 0):
 garbage-first heap   total 211968K, used 159984K [0x0000000080000000, 0x0000000100000000)
  region size 1024K, 81 young (82944K), 1 survivors (1024K)
 Metaspace       used 87072K, committed 87808K, reserved 503808K
  class space    used 11964K, committed 12288K, reserved 421888K
}
Event: 23.127 GC heap after
{Heap after GC invocations=44 (full 0):
 garbage-first heap   total 211968K, used 84446K [0x0000000080000000, 0x0000000100000000)
  region size 1024K, 7 young (7168K), 7 survivors (7168K)
 Metaspace       used 87072K, committed 87808K, reserved 503808K
  class space    used 11964K, committed 12288K, reserved 421888K
}
Event: 24.158 GC heap before
{Heap before GC invocations=44 (full 0):
 garbage-first heap   total 211968K, used 170462K [0x0000000080000000, 0x0000000100000000)
  region size 1024K, 83 young (84992K), 7 survivors (7168K)
 Metaspace       used 90498K, committed 91264K, reserved 503808K
  class space    used 12427K, committed 12800K, reserved 421888K
}
Event: 24.169 GC heap after
{Heap after GC invocations=45 (full 0):
 garbage-first heap   total 211968K, used 105692K [0x0000000080000000, 0x0000000100000000)
  region size 1024K, 11 young (11264K), 11 survivors (11264K)
 Metaspace       used 90498K, committed 91264K, reserved 503808K
  class space    used 12427K, committed 12800K, reserved 421888K
}
Event: 24.834 GC heap before
{Heap before GC invocations=45 (full 0):
 garbage-first heap   total 211968K, used 168156K [0x0000000080000000, 0x0000000100000000)
  region size 1024K, 70 young (71680K), 11 survivors (11264K)
 Metaspace       used 92370K, committed 93248K, reserved 503808K
  class space    used 12720K, committed 13120K, reserved 421888K
}
Event: 24.846 GC heap after
{Heap after GC invocations=46 (full 0):
 garbage-first heap   total 211968K, used 118518K [0x0000000080000000, 0x0000000100000000)
  region size 1024K, 9 young (9216K), 9 survivors (9216K)
 Metaspace       used 92370K, committed 93248K, reserved 503808K
  class space    used 12720K, committed 13120K, reserved 421888K
}
Event: 25.612 GC heap before
{Heap before GC invocations=46 (full 0):
 garbage-first heap   total 211968K, used 168694K [0x0000000080000000, 0x0000000100000000)
  region size 1024K, 58 young (59392K), 9 survivors (9216K)
 Metaspace       used 96154K, committed 97088K, reserved 512000K
  class space    used 13200K, committed 13632K, reserved 421888K
}
Event: 25.620 GC heap after
{Heap after GC invocations=47 (full 0):
 garbage-first heap   total 211968K, used 122990K [0x0000000080000000, 0x0000000100000000)
  region size 1024K, 4 young (4096K), 4 survivors (4096K)
 Metaspace       used 96154K, committed 97088K, reserved 512000K
  class space    used 13200K, committed 13632K, reserved 421888K
}
Event: 26.147 GC heap before
{Heap before GC invocations=47 (full 0):
 garbage-first heap   total 211968K, used 171118K [0x0000000080000000, 0x0000000100000000)
  region size 1024K, 51 young (52224K), 4 survivors (4096K)
 Metaspace       used 98450K, committed 99392K, reserved 512000K
  class space    used 13524K, committed 13952K, reserved 421888K
}
Event: 26.153 GC heap after
{Heap after GC invocations=48 (full 0):
 garbage-first heap   total 211968K, used 126234K [0x0000000080000000, 0x0000000100000000)
  region size 1024K, 7 young (7168K), 7 survivors (7168K)
 Metaspace       used 98450K, committed 99392K, reserved 512000K
  class space    used 13524K, committed 13952K, reserved 421888K
}
Event: 26.438 GC heap before
{Heap before GC invocations=48 (full 0):
 garbage-first heap   total 211968K, used 173338K [0x0000000080000000, 0x0000000100000000)
  region size 1024K, 53 young (54272K), 7 survivors (7168K)
 Metaspace       used 98682K, committed 99712K, reserved 512000K
  class space    used 13545K, committed 14016K, reserved 421888K
}
Event: 26.448 GC heap after
{Heap after GC invocations=49 (full 0):
 garbage-first heap   total 211968K, used 134208K [0x0000000080000000, 0x0000000100000000)
  region size 1024K, 7 young (7168K), 7 survivors (7168K)
 Metaspace       used 98682K, committed 99712K, reserved 512000K
  class space    used 13545K, committed 14016K, reserved 421888K
}
Event: 26.715 GC heap before
{Heap before GC invocations=49 (full 0):
 garbage-first heap   total 211968K, used 173120K [0x0000000080000000, 0x0000000100000000)
  region size 1024K, 45 young (46080K), 7 survivors (7168K)
 Metaspace       used 98860K, committed 99904K, reserved 512000K
  class space    used 13560K, committed 14016K, reserved 421888K
}
Event: 26.724 GC heap after
{Heap after GC invocations=50 (full 0):
 garbage-first heap   total 211968K, used 142026K [0x0000000080000000, 0x0000000100000000)
  region size 1024K, 6 young (6144K), 6 survivors (6144K)
 Metaspace       used 98860K, committed 99904K, reserved 512000K
  class space    used 13560K, committed 14016K, reserved 421888K
}
Event: 27.151 GC heap before
{Heap before GC invocations=50 (full 0):
 garbage-first heap   total 211968K, used 179914K [0x0000000080000000, 0x0000000100000000)
  region size 1024K, 38 young (38912K), 6 survivors (6144K)
 Metaspace       used 100849K, committed 101888K, reserved 512000K
  class space    used 13813K, committed 14272K, reserved 421888K
}
Event: 27.159 GC heap after
{Heap after GC invocations=51 (full 0):
 garbage-first heap   total 423936K, used 151598K [0x0000000080000000, 0x0000000100000000)
  region size 1024K, 5 young (5120K), 5 survivors (5120K)
 Metaspace       used 100849K, committed 101888K, reserved 512000K
  class space    used 13813K, committed 14272K, reserved 421888K
}

