# JRE version: OpenJDK Runtime Environment OpenLogic-OpenJDK (17.0.5+8) (build 17.0.5+8-adhoc..jdk17u)
# Java VM: OpenJDK 64-Bit Server VM OpenLogic-OpenJDK (17.0.5+8-adhoc..jdk17u, mixed mode, tiered, compressed oops, compressed class ptrs, g1 gc, windows-amd64)
GC Precious Log:
 CPUs: 8 total, 8 available
 Memory: 7975M
 Large Page Support: Disabled
 NUMA Support: Disabled
 Compressed Oops: Enabled (32-bit)
 Heap Region Size: 1M
 Heap Min Capacity: 8M
 Heap Initial Capacity: 126M
 Heap Max Capacity: 2G
 Pre-touch: Disabled
 Parallel Workers: 8
 Concurrent Workers: 2
 Concurrent Refinement Workers: 8
 Periodic GC: Disabled
Heap:
 garbage-first heap   total 71680K, used 41539K [0x0000000080000000, 0x0000000100000000)
  region size 1024K, 19 young (19456K), 4 survivors (4096K)
 Metaspace       used 36073K, committed 36416K, reserved 454656K
  class space    used 4815K, committed 4992K, reserved 421888K
GC Heap History (12 events):
Event: 1.372 GC heap before
{Heap before GC invocations=0 (full 0):
 garbage-first heap   total 129024K, used 26624K [0x0000000080000000, 0x0000000100000000)
  region size 1024K, 23 young (23552K), 0 survivors (0K)
 Metaspace       used 9012K, committed 9216K, reserved 430080K
  class space    used 993K, committed 1088K, reserved 421888K
}
Event: 1.379 GC heap after
{Heap after GC invocations=1 (full 0):
 garbage-first heap   total 129024K, used 10304K [0x0000000080000000, 0x0000000100000000)
  region size 1024K, 3 young (3072K), 3 survivors (3072K)
 Metaspace       used 9012K, committed 9216K, reserved 430080K
  class space    used 993K, committed 1088K, reserved 421888K
}
Event: 2.344 GC heap before
{Heap before GC invocations=1 (full 0):
 garbage-first heap   total 129024K, used 40000K [0x0000000080000000, 0x0000000100000000)
  region size 1024K, 31 young (31744K), 3 survivors (3072K)
 Metaspace       used 9928K, committed 10112K, reserved 438272K
  class space    used 1089K, committed 1216K, reserved 421888K
}
Event: 2.351 GC heap after
{Heap after GC invocations=2 (full 0):
 garbage-first heap   total 129024K, used 13994K [0x0000000080000000, 0x0000000100000000)
  region size 1024K, 4 young (4096K), 4 survivors (4096K)
 Metaspace       used 9928K, committed 10112K, reserved 438272K
  class space    used 1089K, committed 1216K, reserved 421888K
}
Event: 5.830 GC heap before
{Heap before GC invocations=2 (full 0):
 garbage-first heap   total 129024K, used 65194K [0x0000000080000000, 0x0000000100000000)
  region size 1024K, 55 young (56320K), 4 survivors (4096K)
 Metaspace       used 21203K, committed 21504K, reserved 446464K
  class space    used 2734K, committed 2880K, reserved 421888K
}
Event: 5.839 GC heap after
{Heap after GC invocations=3 (full 0):
 garbage-first heap   total 129024K, used 19640K [0x0000000080000000, 0x0000000100000000)
  region size 1024K, 9 young (9216K), 9 survivors (9216K)
 Metaspace       used 21203K, committed 21504K, reserved 446464K
  class space    used 2734K, committed 2880K, reserved 421888K
}
Event: 7.241 GC heap before
{Heap before GC invocations=4 (full 0):
 garbage-first heap   total 71680K, used 53432K [0x0000000080000000, 0x0000000100000000)
  region size 1024K, 42 young (43008K), 9 survivors (9216K)
 Metaspace       used 26331K, committed 26688K, reserved 446464K
  class space    used 3570K, committed 3712K, reserved 421888K
}
Event: 7.249 GC heap after
{Heap after GC invocations=5 (full 0):
 garbage-first heap   total 71680K, used 21831K [0x0000000080000000, 0x0000000100000000)
  region size 1024K, 3 young (3072K), 3 survivors (3072K)
 Metaspace       used 26331K, committed 26688K, reserved 446464K
  class space    used 3570K, committed 3712K, reserved 421888K
}
Event: 8.097 GC heap before
{Heap before GC invocations=5 (full 0):
 garbage-first heap   total 71680K, used 48455K [0x0000000080000000, 0x0000000100000000)
  region size 1024K, 30 young (30720K), 3 survivors (3072K)
 Metaspace       used 30016K, committed 30400K, reserved 454656K
  class space    used 4159K, committed 4352K, reserved 421888K
}
Event: 8.100 GC heap after
{Heap after GC invocations=6 (full 0):
 garbage-first heap   total 71680K, used 23248K [0x0000000080000000, 0x0000000100000000)
  region size 1024K, 2 young (2048K), 2 survivors (2048K)
 Metaspace       used 30016K, committed 30400K, reserved 454656K
  class space    used 4159K, committed 4352K, reserved 421888K
}
Event: 8.817 GC heap before
{Heap before GC invocations=6 (full 0):
 garbage-first heap   total 71680K, used 42704K [0x0000000080000000, 0x0000000100000000)
  region size 1024K, 23 young (23552K), 2 survivors (2048K)
 Metaspace       used 35664K, committed 35968K, reserved 454656K
  class space    used 4773K, committed 4928K, reserved 421888K
}
Event: 8.822 GC heap after
{Heap after GC invocations=7 (full 0):
 garbage-first heap   total 71680K, used 27203K [0x0000000080000000, 0x0000000100000000)
  region size 1024K, 4 young (4096K), 4 survivors (4096K)
 Metaspace       used 35664K, committed 35968K, reserved 454656K
  class space    used 4773K, committed 4928K, reserved 421888K
}

